mode: set
github.com/Beriw98/user-management/internal/config/config.go:13.20,21.43 6 0
github.com/Beriw98/user-management/internal/config/config.go:21.43,23.48 2 0
github.com/Beriw98/user-management/internal/config/config.go:23.48,24.38 1 0
github.com/Beriw98/user-management/internal/config/config.go:28.2,30.3 1 0
github.com/Beriw98/user-management/internal/container/container.go:26.59,29.16 3 0
github.com/Beriw98/user-management/internal/container/container.go:29.16,31.3 1 0
github.com/Beriw98/user-management/internal/container/container.go:32.2,46.8 7 0
github.com/Beriw98/user-management/cmd/user-management/main.go:16.13,20.16 3 0
github.com/Beriw98/user-management/cmd/user-management/main.go:20.16,21.13 1 0
github.com/Beriw98/user-management/cmd/user-management/main.go:24.2,26.12 2 0
github.com/Beriw98/user-management/cmd/user-management/main.go:26.12,27.41 1 0
github.com/Beriw98/user-management/cmd/user-management/main.go:27.41,29.4 1 0
github.com/Beriw98/user-management/cmd/user-management/main.go:32.2,40.39 7 0
github.com/Beriw98/user-management/cmd/user-management/main.go:40.39,42.3 1 0
github.com/Beriw98/user-management/internal/infrastructure/httpsrv/router.go:16.58,18.2 1 0
github.com/Beriw98/user-management/internal/infrastructure/httpsrv/router.go:20.53,33.2 7 0
github.com/Beriw98/user-management/internal/infrastructure/httpsrv/router.go:33.2,40.3 6 0
github.com/Beriw98/user-management/internal/infrastructure/httpsrv/router.go:42.2,42.10 1 0
github.com/Beriw98/user-management/internal/infrastructure/httpsrv/handler/validator/password.go:9.53,12.16 2 0
github.com/Beriw98/user-management/internal/infrastructure/httpsrv/handler/validator/password.go:12.16,14.3 1 0
github.com/Beriw98/user-management/internal/infrastructure/httpsrv/handler/validator/password.go:16.2,20.22 2 0
github.com/Beriw98/user-management/internal/infrastructure/httpsrv/handler/validator/password.go:20.22,21.10 1 0
github.com/Beriw98/user-management/internal/infrastructure/httpsrv/handler/validator/password.go:22.29,23.19 1 0
github.com/Beriw98/user-management/internal/infrastructure/httpsrv/handler/validator/password.go:24.29,25.19 1 0
github.com/Beriw98/user-management/internal/infrastructure/httpsrv/handler/validator/password.go:26.29,27.19 1 0
github.com/Beriw98/user-management/internal/infrastructure/httpsrv/handler/validator/password.go:28.11,29.21 1 0
github.com/Beriw98/user-management/internal/infrastructure/httpsrv/handler/validator/password.go:33.2,33.52 1 0
github.com/Beriw98/user-management/internal/infrastructure/httpsrv/handler/validator/password.go:33.52,35.3 1 0
github.com/Beriw98/user-management/internal/infrastructure/httpsrv/handler/validator/password.go:37.2,37.14 1 0
github.com/Beriw98/user-management/internal/infrastructure/httpsrv/middleware/logger.go:9.48,10.54 1 0
github.com/Beriw98/user-management/internal/infrastructure/httpsrv/middleware/logger.go:10.54,11.37 1 0
github.com/Beriw98/user-management/internal/infrastructure/httpsrv/middleware/logger.go:11.37,17.4 2 0
github.com/Beriw98/user-management/internal/infrastructure/database/repository/user.go:15.50,19.2 1 1
github.com/Beriw98/user-management/internal/infrastructure/database/repository/user.go:21.68,31.2 2 1
github.com/Beriw98/user-management/internal/infrastructure/database/repository/user.go:33.78,35.16 2 1
github.com/Beriw98/user-management/internal/infrastructure/database/repository/user.go:35.16,36.26 1 1
github.com/Beriw98/user-management/internal/infrastructure/database/repository/user.go:36.26,38.4 1 1
github.com/Beriw98/user-management/internal/infrastructure/database/repository/user.go:39.3,39.18 1 1
github.com/Beriw98/user-management/internal/infrastructure/database/repository/user.go:42.2,48.8 1 1
github.com/Beriw98/user-management/internal/infrastructure/database/repository/user.go:51.84,53.16 2 1
github.com/Beriw98/user-management/internal/infrastructure/database/repository/user.go:53.16,54.26 1 1
github.com/Beriw98/user-management/internal/infrastructure/database/repository/user.go:54.26,56.4 1 1
github.com/Beriw98/user-management/internal/infrastructure/database/repository/user.go:57.3,57.18 1 1
github.com/Beriw98/user-management/internal/infrastructure/database/repository/user.go:60.2,66.8 1 1
github.com/Beriw98/user-management/internal/infrastructure/database/repository/user.go:69.68,77.2 2 1
github.com/Beriw98/user-management/internal/infrastructure/database/repository/user.go:79.61,81.2 1 1
github.com/Beriw98/user-management/internal/infrastructure/database/repository/user.go:83.87,85.16 2 1
github.com/Beriw98/user-management/internal/infrastructure/database/repository/user.go:85.16,87.3 1 1
github.com/Beriw98/user-management/internal/infrastructure/database/repository/user.go:89.2,90.29 2 1
github.com/Beriw98/user-management/internal/infrastructure/database/repository/user.go:90.29,98.3 1 1
github.com/Beriw98/user-management/internal/infrastructure/database/repository/user.go:100.2,100.25 1 1
github.com/Beriw98/user-management/internal/infrastructure/httpsrv/handler/user.go:39.69,43.2 1 1
github.com/Beriw98/user-management/internal/infrastructure/httpsrv/handler/user.go:45.57,51.38 4 1
github.com/Beriw98/user-management/internal/infrastructure/httpsrv/handler/user.go:51.38,54.3 2 1
github.com/Beriw98/user-management/internal/infrastructure/httpsrv/handler/user.go:56.2,56.41 1 1
github.com/Beriw98/user-management/internal/infrastructure/httpsrv/handler/user.go:56.41,59.3 2 1
github.com/Beriw98/user-management/internal/infrastructure/httpsrv/handler/user.go:61.2,62.16 2 1
github.com/Beriw98/user-management/internal/infrastructure/httpsrv/handler/user.go:62.16,65.3 2 1
github.com/Beriw98/user-management/internal/infrastructure/httpsrv/handler/user.go:67.2,67.17 1 1
github.com/Beriw98/user-management/internal/infrastructure/httpsrv/handler/user.go:67.17,69.3 1 1
github.com/Beriw98/user-management/internal/infrastructure/httpsrv/handler/user.go:71.2,80.16 3 1
github.com/Beriw98/user-management/internal/infrastructure/httpsrv/handler/user.go:80.16,83.3 2 1
github.com/Beriw98/user-management/internal/infrastructure/httpsrv/handler/user.go:85.2,85.70 1 1
github.com/Beriw98/user-management/internal/infrastructure/httpsrv/handler/user.go:88.58,94.16 5 1
github.com/Beriw98/user-management/internal/infrastructure/httpsrv/handler/user.go:94.16,97.3 2 1
github.com/Beriw98/user-management/internal/infrastructure/httpsrv/handler/user.go:99.2,99.17 1 1
github.com/Beriw98/user-management/internal/infrastructure/httpsrv/handler/user.go:99.17,101.3 1 1
github.com/Beriw98/user-management/internal/infrastructure/httpsrv/handler/user.go:103.2,108.4 1 1
github.com/Beriw98/user-management/internal/infrastructure/httpsrv/handler/user.go:111.57,117.38 5 1
github.com/Beriw98/user-management/internal/infrastructure/httpsrv/handler/user.go:117.38,120.3 2 1
github.com/Beriw98/user-management/internal/infrastructure/httpsrv/handler/user.go:122.2,122.41 1 1
github.com/Beriw98/user-management/internal/infrastructure/httpsrv/handler/user.go:122.41,124.3 1 1
github.com/Beriw98/user-management/internal/infrastructure/httpsrv/handler/user.go:126.2,127.16 2 1
github.com/Beriw98/user-management/internal/infrastructure/httpsrv/handler/user.go:127.16,130.3 2 1
github.com/Beriw98/user-management/internal/infrastructure/httpsrv/handler/user.go:132.2,132.17 1 1
github.com/Beriw98/user-management/internal/infrastructure/httpsrv/handler/user.go:132.17,134.3 1 1
github.com/Beriw98/user-management/internal/infrastructure/httpsrv/handler/user.go:136.2,140.59 4 1
github.com/Beriw98/user-management/internal/infrastructure/httpsrv/handler/user.go:140.59,142.3 1 1
github.com/Beriw98/user-management/internal/infrastructure/httpsrv/handler/user.go:144.2,144.65 1 1
github.com/Beriw98/user-management/internal/infrastructure/httpsrv/handler/user.go:147.65,154.38 5 1
github.com/Beriw98/user-management/internal/infrastructure/httpsrv/handler/user.go:154.38,157.3 2 1
github.com/Beriw98/user-management/internal/infrastructure/httpsrv/handler/user.go:159.2,159.41 1 1
github.com/Beriw98/user-management/internal/infrastructure/httpsrv/handler/user.go:159.41,161.28 2 1
github.com/Beriw98/user-management/internal/infrastructure/httpsrv/handler/user.go:161.28,162.27 1 1
github.com/Beriw98/user-management/internal/infrastructure/httpsrv/handler/user.go:162.27,163.53 1 1
github.com/Beriw98/user-management/internal/infrastructure/httpsrv/handler/user.go:163.53,165.6 1 1
github.com/Beriw98/user-management/internal/infrastructure/httpsrv/handler/user.go:168.3,168.63 1 1
github.com/Beriw98/user-management/internal/infrastructure/httpsrv/handler/user.go:171.2,172.16 2 1
github.com/Beriw98/user-management/internal/infrastructure/httpsrv/handler/user.go:172.16,175.3 2 0
github.com/Beriw98/user-management/internal/infrastructure/httpsrv/handler/user.go:177.2,177.17 1 1
github.com/Beriw98/user-management/internal/infrastructure/httpsrv/handler/user.go:177.17,179.3 1 0
github.com/Beriw98/user-management/internal/infrastructure/httpsrv/handler/user.go:181.2,182.16 2 1
github.com/Beriw98/user-management/internal/infrastructure/httpsrv/handler/user.go:182.16,185.3 2 0
github.com/Beriw98/user-management/internal/infrastructure/httpsrv/handler/user.go:187.2,189.59 2 1
github.com/Beriw98/user-management/internal/infrastructure/httpsrv/handler/user.go:189.59,192.3 2 1
github.com/Beriw98/user-management/internal/infrastructure/httpsrv/handler/user.go:194.2,194.65 1 1
github.com/Beriw98/user-management/internal/infrastructure/httpsrv/handler/user.go:197.57,203.16 5 1
github.com/Beriw98/user-management/internal/infrastructure/httpsrv/handler/user.go:203.16,206.3 2 1
github.com/Beriw98/user-management/internal/infrastructure/httpsrv/handler/user.go:208.2,208.17 1 1
github.com/Beriw98/user-management/internal/infrastructure/httpsrv/handler/user.go:208.17,210.3 1 1
github.com/Beriw98/user-management/internal/infrastructure/httpsrv/handler/user.go:212.2,212.56 1 1
github.com/Beriw98/user-management/internal/infrastructure/httpsrv/handler/user.go:212.56,215.3 2 1
github.com/Beriw98/user-management/internal/infrastructure/httpsrv/handler/user.go:217.2,217.43 1 1
github.com/Beriw98/user-management/internal/infrastructure/httpsrv/handler/user.go:220.58,225.17 4 1
github.com/Beriw98/user-management/internal/infrastructure/httpsrv/handler/user.go:225.17,227.3 1 1
github.com/Beriw98/user-management/internal/infrastructure/httpsrv/handler/user.go:229.2,229.16 1 1
github.com/Beriw98/user-management/internal/infrastructure/httpsrv/handler/user.go:229.16,231.3 1 1
github.com/Beriw98/user-management/internal/infrastructure/httpsrv/handler/user.go:233.2,234.16 2 1
github.com/Beriw98/user-management/internal/infrastructure/httpsrv/handler/user.go:234.16,236.3 1 1
github.com/Beriw98/user-management/internal/infrastructure/httpsrv/handler/user.go:238.2,239.16 2 1
github.com/Beriw98/user-management/internal/infrastructure/httpsrv/handler/user.go:239.16,241.3 1 1
github.com/Beriw98/user-management/internal/infrastructure/httpsrv/handler/user.go:243.2,244.16 2 1
github.com/Beriw98/user-management/internal/infrastructure/httpsrv/handler/user.go:244.16,247.3 2 1
github.com/Beriw98/user-management/internal/infrastructure/httpsrv/handler/user.go:249.2,250.29 2 1
github.com/Beriw98/user-management/internal/infrastructure/httpsrv/handler/user.go:250.29,257.3 1 1
github.com/Beriw98/user-management/internal/infrastructure/httpsrv/handler/user.go:259.2,259.46 1 1
github.com/Beriw98/user-management/internal/infrastructure/httpsrv/handler/validator/password.go:9.53,12.16 2 1
github.com/Beriw98/user-management/internal/infrastructure/httpsrv/handler/validator/password.go:12.16,14.3 1 0
github.com/Beriw98/user-management/internal/infrastructure/httpsrv/handler/validator/password.go:16.2,20.22 2 1
github.com/Beriw98/user-management/internal/infrastructure/httpsrv/handler/validator/password.go:20.22,21.10 1 1
github.com/Beriw98/user-management/internal/infrastructure/httpsrv/handler/validator/password.go:22.29,23.19 1 1
github.com/Beriw98/user-management/internal/infrastructure/httpsrv/handler/validator/password.go:24.29,25.19 1 1
github.com/Beriw98/user-management/internal/infrastructure/httpsrv/handler/validator/password.go:26.29,27.19 1 1
github.com/Beriw98/user-management/internal/infrastructure/httpsrv/handler/validator/password.go:28.11,29.21 1 1
github.com/Beriw98/user-management/internal/infrastructure/httpsrv/handler/validator/password.go:33.2,33.52 1 1
github.com/Beriw98/user-management/internal/infrastructure/httpsrv/handler/validator/password.go:33.52,35.3 1 1
github.com/Beriw98/user-management/internal/infrastructure/httpsrv/handler/validator/password.go:37.2,37.14 1 1
